2026-06-18 17:04:56,189 WARNING werkzeug MainThread :  * Debugger is active!
2026-06-18 17:04:56,357 INFO werkzeug MainThread :  * Debugger PIN: 189-721-721
2026-06-18 17:04:59,621 DEBUG fsevents Thread-3 : NativeEvent(path="/Users/sanasalim/Downloads/Linkific/Day 13/app.py", inode=127495247, flags=11400, id=160448976): is_file, is_inode_meta_mod, is_modified
2026-06-18 17:04:59,622 DEBUG fsevents Thread-3 : queue_event FileModifiedEvent(src_path='/Users/sanasalim/Downloads/Linkific/Day 13/app.py', dest_path='', event_type='modified', is_directory=False, is_synthetic=False)
2026-06-18 17:04:59,622 INFO werkzeug Thread-2 :  * Detected change in '/Users/sanasalim/Downloads/Linkific/Day 13/app.py', reloading
2026-06-18 17:05:02,194 WARNING werkzeug MainThread :  * Debugger is active!
2026-06-18 17:05:02,222 INFO werkzeug MainThread :  * Debugger PIN: 189-721-721
2026-06-18 17:05:17,478 INFO root Thread-6 (process_request_thread) : Model is training
2026-06-18 17:05:17,478 INFO root Thread-6 (process_request_thread) : Model finished training
2026-06-18 17:05:17,481 INFO werkzeug Thread-6 (process_request_thread) : 127.0.0.1 - - [18/Jun/2026 17:05:17] "[37mPOST /train HTTP/1.1[0m" 200 -
2026-06-18 17:05:17,503 DEBUG fsevents Thread-4 : NativeEvent(path="/Users/sanasalim/Downloads/Linkific/Day 13/House Price.pkl", inode=127521012, flags=11400, id=160449595): is_file, is_inode_meta_mod, is_modified
2026-06-18 17:05:17,503 DEBUG fsevents Thread-4 : queue_event FileModifiedEvent(src_path='/Users/sanasalim/Downloads/Linkific/Day 13/House Price.pkl', dest_path='', event_type='modified', is_directory=False, is_synthetic=False)
2026-06-18 17:05:32,447 INFO werkzeug Thread-7 (process_request_thread) : 127.0.0.1 - - [18/Jun/2026 17:05:32] "[37mGET /model-info HTTP/1.1[0m" 200 -
2026-06-18 17:06:15,929 ERROR root Thread-8 (process_request_thread) : 400 Bad Request: Failed to decode JSON object: Expecting value: line 1 column 1 (char 0)
2026-06-18 17:06:15,930 INFO werkzeug Thread-8 (process_request_thread) : 127.0.0.1 - - [18/Jun/2026 17:06:15] "[31m[1mPOST /predict HTTP/1.1[0m" 400 -
2026-06-18 17:06:32,266 INFO root Thread-9 (process_request_thread) : Model predicted: 452348.07548226416
2026-06-18 17:06:32,267 INFO werkzeug Thread-9 (process_request_thread) : 127.0.0.1 - - [18/Jun/2026 17:06:32] "[37mPOST /predict HTTP/1.1[0m" 200 -
2026-06-18 17:11:54,542 DEBUG fsevents Thread-4 : NativeEvent(path="/Users/sanasalim/Downloads/Linkific/Day 13/app.py", inode=127495247, flags=11400, id=160467145): is_file, is_inode_meta_mod, is_modified
2026-06-18 17:11:54,547 DEBUG fsevents Thread-4 : queue_event FileModifiedEvent(src_path='/Users/sanasalim/Downloads/Linkific/Day 13/app.py', dest_path='', event_type='modified', is_directory=False, is_synthetic=False)
2026-06-18 17:11:54,548 INFO werkzeug Thread-2 :  * Detected change in '/Users/sanasalim/Downloads/Linkific/Day 13/app.py', reloading
2026-06-18 17:11:58,375 WARNING werkzeug MainThread :  * Debugger is active!
2026-06-18 17:11:58,422 INFO werkzeug MainThread :  * Debugger PIN: 189-721-721
2026-06-18 17:12:25,957 DEBUG fsevents Thread-5 : NativeEvent(path="/Users/sanasalim/Downloads/Linkific/Day 13/app.py", inode=127495247, flags=11400, id=160469810): is_file, is_inode_meta_mod, is_modified
2026-06-18 17:12:25,957 DEBUG fsevents Thread-5 : queue_event FileModifiedEvent(src_path='/Users/sanasalim/Downloads/Linkific/Day 13/app.py', dest_path='', event_type='modified', is_directory=False, is_synthetic=False)
2026-06-18 17:12:25,958 INFO werkzeug Thread-2 :  * Detected change in '/Users/sanasalim/Downloads/Linkific/Day 13/app.py', reloading
2026-06-18 17:12:28,782 WARNING werkzeug MainThread :  * Debugger is active!
2026-06-18 17:12:28,806 INFO werkzeug MainThread :  * Debugger PIN: 189-721-721
2026-06-18 17:12:34,640 INFO werkzeug Thread-6 (process_request_thread) : 127.0.0.1 - - [18/Jun/2026 17:12:34] "[35m[1mGET /first HTTP/1.1[0m" 500 -
2026-06-18 17:12:45,653 DEBUG fsevents Thread-3 : NativeEvent(path="/Users/sanasalim/Downloads/Linkific/Day 13/app.py", inode=127495247, flags=11400, id=160471506): is_file, is_inode_meta_mod, is_modified
2026-06-18 17:12:45,654 DEBUG fsevents Thread-3 : queue_event FileModifiedEvent(src_path='/Users/sanasalim/Downloads/Linkific/Day 13/app.py', dest_path='', event_type='modified', is_directory=False, is_synthetic=False)
2026-06-18 17:12:45,655 INFO werkzeug Thread-2 :  * Detected change in '/Users/sanasalim/Downloads/Linkific/Day 13/app.py', reloading
2026-06-18 17:12:47,883 WARNING werkzeug MainThread :  * Debugger is active!
2026-06-18 17:12:47,909 INFO werkzeug MainThread :  * Debugger PIN: 189-721-721
2026-06-18 17:12:50,312 INFO werkzeug Thread-6 (process_request_thread) : 127.0.0.1 - - [18/Jun/2026 17:12:50] "[35m[1mGET /first HTTP/1.1[0m" 500 -
2026-06-18 17:13:09,420 DEBUG fsevents Thread-3 : NativeEvent(path="/Users/sanasalim/Downloads/Linkific/Day 13/app.py", inode=127495247, flags=11400, id=160473335): is_file, is_inode_meta_mod, is_modified
2026-06-18 17:13:09,420 DEBUG fsevents Thread-3 : queue_event FileModifiedEvent(src_path='/Users/sanasalim/Downloads/Linkific/Day 13/app.py', dest_path='', event_type='modified', is_directory=False, is_synthetic=False)
2026-06-18 17:13:09,421 INFO werkzeug Thread-2 :  * Detected change in '/Users/sanasalim/Downloads/Linkific/Day 13/app.py', reloading
2026-06-18 17:13:12,118 WARNING werkzeug MainThread :  * Debugger is active!
2026-06-18 17:13:12,143 INFO werkzeug MainThread :  * Debugger PIN: 189-721-721
2026-06-18 17:13:14,100 INFO werkzeug Thread-6 (process_request_thread) : 127.0.0.1 - - [18/Jun/2026 17:13:14] "[37mGET /first HTTP/1.1[0m" 200 -
2026-06-18 17:13:28,464 INFO root Thread-7 (process_request_thread) : Model is training
2026-06-18 17:13:28,466 INFO root Thread-7 (process_request_thread) : Model finished training
2026-06-18 17:13:28,474 INFO werkzeug Thread-7 (process_request_thread) : 127.0.0.1 - - [18/Jun/2026 17:13:28] "[35m[1mPOST /train HTTP/1.1[0m" 500 -
2026-06-18 17:13:59,623 DEBUG fsevents Thread-4 : NativeEvent(path="/Users/sanasalim/Downloads/Linkific/Day 13/app.py", inode=127495247, flags=11400, id=160476211): is_file, is_inode_meta_mod, is_modified
2026-06-18 17:13:59,626 DEBUG fsevents Thread-4 : queue_event FileModifiedEvent(src_path='/Users/sanasalim/Downloads/Linkific/Day 13/app.py', dest_path='', event_type='modified', is_directory=False, is_synthetic=False)
2026-06-18 17:13:59,628 INFO werkzeug Thread-2 :  * Detected change in '/Users/sanasalim/Downloads/Linkific/Day 13/app.py', reloading
2026-06-18 17:14:02,059 WARNING werkzeug MainThread :  * Debugger is active!
2026-06-18 17:14:02,102 INFO werkzeug MainThread :  * Debugger PIN: 189-721-721
2026-06-18 17:19:01,896 DEBUG fsevents Thread-5 : NativeEvent(path="/Users/sanasalim/Downloads/Linkific/Day 13/app.py", inode=127495247, flags=11400, id=160599544): is_file, is_inode_meta_mod, is_modified
2026-06-18 17:19:01,901 DEBUG fsevents Thread-5 : queue_event FileModifiedEvent(src_path='/Users/sanasalim/Downloads/Linkific/Day 13/app.py', dest_path='', event_type='modified', is_directory=False, is_synthetic=False)
2026-06-18 17:19:01,904 INFO werkzeug Thread-2 :  * Detected change in '/Users/sanasalim/Downloads/Linkific/Day 13/app.py', reloading
2026-06-18 17:19:05,786 WARNING werkzeug MainThread :  * Debugger is active!
2026-06-18 17:19:05,844 INFO werkzeug MainThread :  * Debugger PIN: 189-721-721
2026-06-18 17:19:35,763 DEBUG fsevents Thread-3 : NativeEvent(path="/Users/sanasalim/Downloads/Linkific/Day 13/app.py", inode=127495247, flags=11400, id=160602519): is_file, is_inode_meta_mod, is_modified
2026-06-18 17:19:35,764 DEBUG fsevents Thread-3 : queue_event FileModifiedEvent(src_path='/Users/sanasalim/Downloads/Linkific/Day 13/app.py', dest_path='', event_type='modified', is_directory=False, is_synthetic=False)
2026-06-18 17:19:35,764 INFO werkzeug Thread-2 :  * Detected change in '/Users/sanasalim/Downloads/Linkific/Day 13/app.py', reloading
2026-06-18 17:19:38,318 WARNING werkzeug MainThread :  * Debugger is active!
2026-06-18 17:19:38,343 INFO werkzeug MainThread :  * Debugger PIN: 189-721-721
2026-06-18 17:19:51,403 INFO root Thread-6 (process_request_thread) : Model is training
2026-06-18 17:19:51,404 INFO root Thread-6 (process_request_thread) : Model finished training
2026-06-18 17:19:51,409 INFO werkzeug Thread-6 (process_request_thread) : 127.0.0.1 - - [18/Jun/2026 17:19:51] "[37mPOST /train HTTP/1.1[0m" 200 -
2026-06-18 17:19:51,418 DEBUG fsevents Thread-5 : NativeEvent(path="/Users/sanasalim/Downloads/Linkific/Day 13/House Price 1.pkl", inode=127618587, flags=11100, id=160603313): is_created, is_file, is_modified
2026-06-18 17:19:51,418 DEBUG fsevents Thread-5 : queue_event FileCreatedEvent(src_path='/Users/sanasalim/Downloads/Linkific/Day 13/House Price 1.pkl', dest_path='', event_type='created', is_directory=False, is_synthetic=False)
2026-06-18 17:19:51,419 DEBUG fsevents Thread-5 : queue_event DirModifiedEvent(src_path='/Users/sanasalim/Downloads/Linkific/Day 13', dest_path='', event_type='modified', is_directory=True, is_synthetic=False)
2026-06-18 17:19:51,419 DEBUG fsevents Thread-5 : queue_event FileModifiedEvent(src_path='/Users/sanasalim/Downloads/Linkific/Day 13/House Price 1.pkl', dest_path='', event_type='modified', is_directory=False, is_synthetic=False)
2026-06-18 17:19:57,176 INFO root Thread-7 (process_request_thread) : Model is training
2026-06-18 17:19:57,177 INFO root Thread-7 (process_request_thread) : Model finished training
2026-06-18 17:19:57,179 INFO werkzeug Thread-7 (process_request_thread) : 127.0.0.1 - - [18/Jun/2026 17:19:57] "[37mPOST /train HTTP/1.1[0m" 200 -
2026-06-18 17:19:57,190 DEBUG fsevents Thread-5 : NativeEvent(path="/Users/sanasalim/Downloads/Linkific/Day 13/House Price 1.pkl", inode=127618587, flags=11500, id=160603800): is_created, is_file, is_inode_meta_mod, is_modified
2026-06-18 17:19:57,190 DEBUG fsevents Thread-5 : queue_event FileModifiedEvent(src_path='/Users/sanasalim/Downloads/Linkific/Day 13/House Price 1.pkl', dest_path='', event_type='modified', is_directory=False, is_synthetic=False)
2026-06-18 17:20:08,832 INFO root Thread-8 (process_request_thread) : Model is training
2026-06-18 17:20:08,833 INFO root Thread-8 (process_request_thread) : Model finished training
2026-06-18 17:20:08,836 INFO werkzeug Thread-8 (process_request_thread) : 127.0.0.1 - - [18/Jun/2026 17:20:08] "[37mPOST /train HTTP/1.1[0m" 200 -
2026-06-18 17:20:08,846 DEBUG fsevents Thread-5 : NativeEvent(path="/Users/sanasalim/Downloads/Linkific/Day 13/House Price 1.pkl", inode=127618587, flags=11400, id=160604454): is_file, is_inode_meta_mod, is_modified
2026-06-18 17:20:08,846 DEBUG fsevents Thread-5 : queue_event FileModifiedEvent(src_path='/Users/sanasalim/Downloads/Linkific/Day 13/House Price 1.pkl', dest_path='', event_type='modified', is_directory=False, is_synthetic=False)
2026-06-18 17:20:56,199 INFO root Thread-9 (process_request_thread) : Model is training
2026-06-18 17:20:56,203 INFO root Thread-9 (process_request_thread) : Model finished training
2026-06-18 17:20:56,207 INFO werkzeug Thread-9 (process_request_thread) : 127.0.0.1 - - [18/Jun/2026 17:20:56] "[37mPOST /train HTTP/1.1[0m" 200 -
2026-06-18 17:20:56,243 DEBUG fsevents Thread-5 : NativeEvent(path="/Users/sanasalim/Downloads/Linkific/Day 13/House Price 1.pkl", inode=127618587, flags=11400, id=160607277): is_file, is_inode_meta_mod, is_modified
2026-06-18 17:20:56,244 DEBUG fsevents Thread-5 : queue_event FileModifiedEvent(src_path='/Users/sanasalim/Downloads/Linkific/Day 13/House Price 1.pkl', dest_path='', event_type='modified', is_directory=False, is_synthetic=False)
2026-06-18 17:21:24,329 DEBUG fsevents Thread-5 : NativeEvent(path="/Users/sanasalim/Downloads/Linkific/Day 13/app.py", inode=127495247, flags=11400, id=160649972): is_file, is_inode_meta_mod, is_modified
2026-06-18 17:21:24,330 DEBUG fsevents Thread-5 : queue_event FileModifiedEvent(src_path='/Users/sanasalim/Downloads/Linkific/Day 13/app.py', dest_path='', event_type='modified', is_directory=False, is_synthetic=False)
2026-06-18 17:21:24,331 INFO werkzeug Thread-2 :  * Detected change in '/Users/sanasalim/Downloads/Linkific/Day 13/app.py', reloading
2026-06-18 17:21:28,702 WARNING werkzeug MainThread :  * Debugger is active!
2026-06-18 17:21:28,896 INFO werkzeug MainThread :  * Debugger PIN: 189-721-721
2026-06-18 17:21:28,950 INFO root Thread-6 (process_request_thread) : Model is training
2026-06-18 17:21:28,950 INFO root Thread-6 (process_request_thread) : Model finished training
2026-06-18 17:21:28,952 INFO werkzeug Thread-6 (process_request_thread) : 127.0.0.1 - - [18/Jun/2026 17:21:28] "[37mPOST /train HTTP/1.1[0m" 200 -
2026-06-18 17:21:28,962 DEBUG fsevents Thread-3 : NativeEvent(path="/Users/sanasalim/Downloads/Linkific/Day 13/House Price 1.pkl", inode=127618587, flags=11400, id=160666552): is_file, is_inode_meta_mod, is_modified
2026-06-18 17:21:28,962 DEBUG fsevents Thread-3 : queue_event FileModifiedEvent(src_path='/Users/sanasalim/Downloads/Linkific/Day 13/House Price 1.pkl', dest_path='', event_type='modified', is_directory=False, is_synthetic=False)
2026-06-18 17:22:59,935 DEBUG fsevents Thread-3 : NativeEvent(path="/Users/sanasalim/Downloads/Linkific/Day 13/House Price 1.pkl", inode=127618587, flags=10800, id=160671452): is_file, is_renamed
2026-06-18 17:22:59,943 DEBUG fsevents Thread-3 : queue_event FileDeletedEvent(src_path='/Users/sanasalim/Downloads/Linkific/Day 13/House Price 1.pkl', dest_path='', event_type='deleted', is_directory=False, is_synthetic=False)
2026-06-18 17:22:59,944 DEBUG fsevents Thread-3 : queue_event DirModifiedEvent(src_path='/Users/sanasalim/Downloads/Linkific/Day 13', dest_path='', event_type='modified', is_directory=True, is_synthetic=False)
2026-06-18 17:23:06,121 DEBUG fsevents Thread-3 : NativeEvent(path="/Users/sanasalim/Downloads/Linkific/Day 13/app.py", inode=127495247, flags=11400, id=160671892): is_file, is_inode_meta_mod, is_modified
2026-06-18 17:23:06,128 DEBUG fsevents Thread-3 : queue_event FileModifiedEvent(src_path='/Users/sanasalim/Downloads/Linkific/Day 13/app.py', dest_path='', event_type='modified', is_directory=False, is_synthetic=False)
2026-06-18 17:23:06,129 INFO werkzeug Thread-2 :  * Detected change in '/Users/sanasalim/Downloads/Linkific/Day 13/app.py', reloading
2026-06-18 17:23:09,784 WARNING werkzeug MainThread :  * Debugger is active!
2026-06-18 17:23:09,827 INFO werkzeug MainThread :  * Debugger PIN: 189-721-721
2026-06-18 17:23:09,899 INFO root Thread-6 (process_request_thread) : Model is training
2026-06-18 17:23:09,900 INFO root Thread-6 (process_request_thread) : Model finished training
2026-06-18 17:23:09,903 INFO werkzeug Thread-6 (process_request_thread) : 127.0.0.1 - - [18/Jun/2026 17:23:09] "[37mPOST /train HTTP/1.1[0m" 200 -
2026-06-18 17:23:09,913 DEBUG fsevents Thread-5 : NativeEvent(path="/Users/sanasalim/Downloads/Linkific/Day 13/House Price Version 1.pkl", inode=127624610, flags=11100, id=160672365): is_created, is_file, is_modified
2026-06-18 17:23:09,913 DEBUG fsevents Thread-5 : queue_event FileCreatedEvent(src_path='/Users/sanasalim/Downloads/Linkific/Day 13/House Price Version 1.pkl', dest_path='', event_type='created', is_directory=False, is_synthetic=False)
2026-06-18 17:23:09,913 DEBUG fsevents Thread-5 : queue_event DirModifiedEvent(src_path='/Users/sanasalim/Downloads/Linkific/Day 13', dest_path='', event_type='modified', is_directory=True, is_synthetic=False)
2026-06-18 17:23:09,914 DEBUG fsevents Thread-5 : queue_event FileModifiedEvent(src_path='/Users/sanasalim/Downloads/Linkific/Day 13/House Price Version 1.pkl', dest_path='', event_type='modified', is_directory=False, is_synthetic=False)
2026-06-18 17:23:11,621 INFO root Thread-7 (process_request_thread) : Model is training
2026-06-18 17:23:11,622 INFO root Thread-7 (process_request_thread) : Model finished training
2026-06-18 17:23:11,635 INFO werkzeug Thread-7 (process_request_thread) : 127.0.0.1 - - [18/Jun/2026 17:23:11] "[35m[1mPOST /train HTTP/1.1[0m" 500 -
2026-06-18 17:23:16,937 INFO root Thread-8 (process_request_thread) : Model is training
2026-06-18 17:23:16,938 INFO root Thread-8 (process_request_thread) : Model finished training
2026-06-18 17:23:16,947 INFO werkzeug Thread-8 (process_request_thread) : 127.0.0.1 - - [18/Jun/2026 17:23:16] "[35m[1mPOST /train HTTP/1.1[0m" 500 -
2026-06-18 17:23:32,058 DEBUG fsevents Thread-5 : NativeEvent(path="/Users/sanasalim/Downloads/Linkific/Day 13/.DS_Store", inode=127496360, flags=11400, id=160673425): is_file, is_inode_meta_mod, is_modified
2026-06-18 17:23:32,059 DEBUG fsevents Thread-5 : NativeEvent(path="/Users/sanasalim/Downloads/Linkific/Day 13/House Price Version 1.pkl", inode=127624610, flags=10800, id=160673434): is_file, is_renamed
2026-06-18 17:23:32,059 DEBUG fsevents Thread-5 : queue_event FileModifiedEvent(src_path='/Users/sanasalim/Downloads/Linkific/Day 13/.DS_Store', dest_path='', event_type='modified', is_directory=False, is_synthetic=False)
2026-06-18 17:23:32,060 DEBUG fsevents Thread-5 : queue_event FileDeletedEvent(src_path='/Users/sanasalim/Downloads/Linkific/Day 13/House Price Version 1.pkl', dest_path='', event_type='deleted', is_directory=False, is_synthetic=False)
2026-06-18 17:23:32,060 DEBUG fsevents Thread-5 : queue_event DirModifiedEvent(src_path='/Users/sanasalim/Downloads/Linkific/Day 13', dest_path='', event_type='modified', is_directory=True, is_synthetic=False)
2026-06-18 17:23:37,059 DEBUG fsevents Thread-5 : NativeEvent(path="/Users/sanasalim/Downloads/Linkific/Day 13/.DS_Store", inode=127496360, flags=11400, id=160673539): is_file, is_inode_meta_mod, is_modified
2026-06-18 17:23:37,060 DEBUG fsevents Thread-5 : queue_event FileModifiedEvent(src_path='/Users/sanasalim/Downloads/Linkific/Day 13/.DS_Store', dest_path='', event_type='modified', is_directory=False, is_synthetic=False)
2026-06-18 17:23:49,255 DEBUG fsevents Thread-5 : NativeEvent(path="/Users/sanasalim/Downloads/Linkific/Day 13/app.py", inode=127495247, flags=11400, id=160674305): is_file, is_inode_meta_mod, is_modified
2026-06-18 17:23:49,256 DEBUG fsevents Thread-5 : queue_event FileModifiedEvent(src_path='/Users/sanasalim/Downloads/Linkific/Day 13/app.py', dest_path='', event_type='modified', is_directory=False, is_synthetic=False)
2026-06-18 17:23:49,256 INFO werkzeug Thread-2 :  * Detected change in '/Users/sanasalim/Downloads/Linkific/Day 13/app.py', reloading
2026-06-18 17:23:51,531 WARNING werkzeug MainThread :  * Debugger is active!
2026-06-18 17:23:51,559 INFO werkzeug MainThread :  * Debugger PIN: 189-721-721
2026-06-18 17:24:00,315 INFO root Thread-6 (process_request_thread) : Model is training
2026-06-18 17:24:00,315 INFO root Thread-6 (process_request_thread) : Model finished training
2026-06-18 17:24:00,319 INFO werkzeug Thread-6 (process_request_thread) : 127.0.0.1 - - [18/Jun/2026 17:24:00] "[37mPOST /train HTTP/1.1[0m" 200 -
2026-06-18 17:24:00,331 DEBUG fsevents Thread-5 : NativeEvent(path="/Users/sanasalim/Downloads/Linkific/Day 13/House Price Version 1.pkl", inode=127624880, flags=11100, id=160675363): is_created, is_file, is_modified
2026-06-18 17:24:00,332 DEBUG fsevents Thread-5 : queue_event FileCreatedEvent(src_path='/Users/sanasalim/Downloads/Linkific/Day 13/House Price Version 1.pkl', dest_path='', event_type='created', is_directory=False, is_synthetic=False)
2026-06-18 17:24:00,332 DEBUG fsevents Thread-5 : queue_event DirModifiedEvent(src_path='/Users/sanasalim/Downloads/Linkific/Day 13', dest_path='', event_type='modified', is_directory=True, is_synthetic=False)
2026-06-18 17:24:00,332 DEBUG fsevents Thread-5 : queue_event FileModifiedEvent(src_path='/Users/sanasalim/Downloads/Linkific/Day 13/House Price Version 1.pkl', dest_path='', event_type='modified', is_directory=False, is_synthetic=False)
2026-06-18 17:24:02,958 INFO root Thread-7 (process_request_thread) : Model is training
2026-06-18 17:24:02,959 INFO root Thread-7 (process_request_thread) : Model finished training
2026-06-18 17:24:02,963 INFO werkzeug Thread-7 (process_request_thread) : 127.0.0.1 - - [18/Jun/2026 17:24:02] "[37mPOST /train HTTP/1.1[0m" 200 -
2026-06-18 17:24:02,973 DEBUG fsevents Thread-5 : NativeEvent(path="/Users/sanasalim/Downloads/Linkific/Day 13/House Price Version 2.pkl", inode=127624887, flags=11100, id=160675440): is_created, is_file, is_modified
2026-06-18 17:24:02,974 DEBUG fsevents Thread-5 : queue_event FileCreatedEvent(src_path='/Users/sanasalim/Downloads/Linkific/Day 13/House Price Version 2.pkl', dest_path='', event_type='created', is_directory=False, is_synthetic=False)
2026-06-18 17:24:02,974 DEBUG fsevents Thread-5 : queue_event DirModifiedEvent(src_path='/Users/sanasalim/Downloads/Linkific/Day 13', dest_path='', event_type='modified', is_directory=True, is_synthetic=False)
2026-06-18 17:24:02,974 DEBUG fsevents Thread-5 : queue_event FileModifiedEvent(src_path='/Users/sanasalim/Downloads/Linkific/Day 13/House Price Version 2.pkl', dest_path='', event_type='modified', is_directory=False, is_synthetic=False)
2026-06-18 17:24:04,860 INFO root Thread-8 (process_request_thread) : Model is training
2026-06-18 17:24:04,862 INFO root Thread-8 (process_request_thread) : Model finished training
2026-06-18 17:24:04,867 INFO werkzeug Thread-8 (process_request_thread) : 127.0.0.1 - - [18/Jun/2026 17:24:04] "[37mPOST /train HTTP/1.1[0m" 200 -
2026-06-18 17:24:04,877 DEBUG fsevents Thread-5 : NativeEvent(path="/Users/sanasalim/Downloads/Linkific/Day 13/House Price Version 3.pkl", inode=127624893, flags=11100, id=160675513): is_created, is_file, is_modified
2026-06-18 17:24:04,877 DEBUG fsevents Thread-5 : queue_event FileCreatedEvent(src_path='/Users/sanasalim/Downloads/Linkific/Day 13/House Price Version 3.pkl', dest_path='', event_type='created', is_directory=False, is_synthetic=False)
2026-06-18 17:24:04,877 DEBUG fsevents Thread-5 : queue_event DirModifiedEvent(src_path='/Users/sanasalim/Downloads/Linkific/Day 13', dest_path='', event_type='modified', is_directory=True, is_synthetic=False)
2026-06-18 17:24:04,877 DEBUG fsevents Thread-5 : queue_event FileModifiedEvent(src_path='/Users/sanasalim/Downloads/Linkific/Day 13/House Price Version 3.pkl', dest_path='', event_type='modified', is_directory=False, is_synthetic=False)
2026-06-18 17:56:02,753 DEBUG fsevents Thread-5 : NativeEvent(path="/Users/sanasalim/Downloads/Linkific/Day 13/app.py", inode=127495247, flags=11400, id=160718089): is_file, is_inode_meta_mod, is_modified
2026-06-18 17:56:02,759 DEBUG fsevents Thread-5 : queue_event FileModifiedEvent(src_path='/Users/sanasalim/Downloads/Linkific/Day 13/app.py', dest_path='', event_type='modified', is_directory=False, is_synthetic=False)
2026-06-18 17:56:02,760 INFO werkzeug Thread-2 :  * Detected change in '/Users/sanasalim/Downloads/Linkific/Day 13/app.py', reloading
2026-06-18 17:56:06,402 WARNING werkzeug MainThread :  * Debugger is active!
2026-06-18 17:56:06,447 INFO werkzeug MainThread :  * Debugger PIN: 189-721-721
2026-06-18 17:56:28,856 INFO werkzeug Thread-6 (process_request_thread) : 127.0.0.1 - - [18/Jun/2026 17:56:28] "[31m[1mPOST /predict HTTP/1.1[0m" 400 -
2026-06-18 17:56:38,724 INFO werkzeug Thread-7 (process_request_thread) : 127.0.0.1 - - [18/Jun/2026 17:56:38] "[31m[1mPOST /predict HTTP/1.1[0m" 400 -
2026-06-18 17:59:47,089 DEBUG fsevents Thread-5 : NativeEvent(path="/Users/sanasalim/Downloads/Linkific/Day 13/House Price Version 1.pkl", inode=127624880, flags=10800, id=160731655): is_file, is_renamed
2026-06-18 17:59:47,095 DEBUG fsevents Thread-5 : NativeEvent(path="/Users/sanasalim/Downloads/Linkific/Day 13/House Price Version 2.pkl", inode=127624887, flags=10800, id=160731659): is_file, is_renamed
2026-06-18 17:59:47,096 DEBUG fsevents Thread-5 : NativeEvent(path="/Users/sanasalim/Downloads/Linkific/Day 13/House Price Version 3.pkl", inode=127624893, flags=10800, id=160731663): is_file, is_renamed
2026-06-18 17:59:47,096 DEBUG fsevents Thread-5 : queue_event FileDeletedEvent(src_path='/Users/sanasalim/Downloads/Linkific/Day 13/House Price Version 1.pkl', dest_path='', event_type='deleted', is_directory=False, is_synthetic=False)
2026-06-18 17:59:47,097 DEBUG fsevents Thread-5 : queue_event DirModifiedEvent(src_path='/Users/sanasalim/Downloads/Linkific/Day 13', dest_path='', event_type='modified', is_directory=True, is_synthetic=False)
2026-06-18 17:59:47,098 DEBUG fsevents Thread-5 : queue_event FileDeletedEvent(src_path='/Users/sanasalim/Downloads/Linkific/Day 13/House Price Version 2.pkl', dest_path='', event_type='deleted', is_directory=False, is_synthetic=False)
2026-06-18 17:59:47,098 DEBUG fsevents Thread-5 : queue_event DirModifiedEvent(src_path='/Users/sanasalim/Downloads/Linkific/Day 13', dest_path='', event_type='modified', is_directory=True, is_synthetic=False)
2026-06-18 17:59:47,098 DEBUG fsevents Thread-5 : queue_event FileDeletedEvent(src_path='/Users/sanasalim/Downloads/Linkific/Day 13/House Price Version 3.pkl', dest_path='', event_type='deleted', is_directory=False, is_synthetic=False)
2026-06-18 17:59:47,098 DEBUG fsevents Thread-5 : queue_event DirModifiedEvent(src_path='/Users/sanasalim/Downloads/Linkific/Day 13', dest_path='', event_type='modified', is_directory=True, is_synthetic=False)
2026-06-18 17:59:47,100 DEBUG fsevents Thread-5 : NativeEvent(path="/Users/sanasalim/Downloads/Linkific/Day 13/House Price.pkl", inode=127521012, flags=10800, id=160731667): is_file, is_renamed
2026-06-18 17:59:47,100 DEBUG fsevents Thread-5 : queue_event FileDeletedEvent(src_path='/Users/sanasalim/Downloads/Linkific/Day 13/House Price.pkl', dest_path='', event_type='deleted', is_directory=False, is_synthetic=False)
2026-06-18 17:59:47,100 DEBUG fsevents Thread-5 : queue_event DirModifiedEvent(src_path='/Users/sanasalim/Downloads/Linkific/Day 13', dest_path='', event_type='modified', is_directory=True, is_synthetic=False)
2026-06-18 18:00:04,768 INFO root Thread-8 (process_request_thread) : Model is training
2026-06-18 18:00:04,769 INFO root Thread-8 (process_request_thread) : Model finished training
2026-06-18 18:00:04,774 INFO werkzeug Thread-8 (process_request_thread) : 127.0.0.1 - - [18/Jun/2026 18:00:04] "[37mPOST /train HTTP/1.1[0m" 200 -
2026-06-18 18:00:04,794 DEBUG fsevents Thread-5 : NativeEvent(path="/Users/sanasalim/Downloads/Linkific/Day 13/House Price Version 1.pkl", inode=127629735, flags=11100, id=160732510): is_created, is_file, is_modified
2026-06-18 18:00:04,794 DEBUG fsevents Thread-5 : queue_event FileCreatedEvent(src_path='/Users/sanasalim/Downloads/Linkific/Day 13/House Price Version 1.pkl', dest_path='', event_type='created', is_directory=False, is_synthetic=False)
2026-06-18 18:00:04,794 DEBUG fsevents Thread-5 : queue_event DirModifiedEvent(src_path='/Users/sanasalim/Downloads/Linkific/Day 13', dest_path='', event_type='modified', is_directory=True, is_synthetic=False)
2026-06-18 18:00:04,794 DEBUG fsevents Thread-5 : queue_event FileModifiedEvent(src_path='/Users/sanasalim/Downloads/Linkific/Day 13/House Price Version 1.pkl', dest_path='', event_type='modified', is_directory=False, is_synthetic=False)
2026-06-18 18:00:45,153 ERROR root Thread-9 (process_request_thread) : [Errno 2] No such file or directory: 'House Price.pkl'
2026-06-18 18:00:45,156 INFO werkzeug Thread-9 (process_request_thread) : 127.0.0.1 - - [18/Jun/2026 18:00:45] "[31m[1mPOST /predict HTTP/1.1[0m" 400 -
2026-06-18 18:00:51,249 DEBUG fsevents Thread-5 : NativeEvent(path="/Users/sanasalim/Downloads/Linkific/Day 13/app.py", inode=127495247, flags=11400, id=160733549): is_file, is_inode_meta_mod, is_modified
2026-06-18 18:00:51,250 DEBUG fsevents Thread-5 : queue_event FileModifiedEvent(src_path='/Users/sanasalim/Downloads/Linkific/Day 13/app.py', dest_path='', event_type='modified', is_directory=False, is_synthetic=False)
2026-06-18 18:00:51,251 INFO werkzeug Thread-2 :  * Detected change in '/Users/sanasalim/Downloads/Linkific/Day 13/app.py', reloading
2026-06-18 18:00:54,758 WARNING werkzeug MainThread :  * Debugger is active!
2026-06-18 18:00:54,794 INFO werkzeug MainThread :  * Debugger PIN: 189-721-721
2026-06-18 18:01:00,130 DEBUG fsevents Thread-4 : NativeEvent(path="/Users/sanasalim/Downloads/Linkific/Day 13/app.py", inode=127495247, flags=11400, id=160734653): is_file, is_inode_meta_mod, is_modified
2026-06-18 18:01:00,131 DEBUG fsevents Thread-4 : queue_event FileModifiedEvent(src_path='/Users/sanasalim/Downloads/Linkific/Day 13/app.py', dest_path='', event_type='modified', is_directory=False, is_synthetic=False)
2026-06-18 18:01:00,132 INFO werkzeug Thread-2 :  * Detected change in '/Users/sanasalim/Downloads/Linkific/Day 13/app.py', reloading
2026-06-18 18:01:02,677 WARNING werkzeug MainThread :  * Debugger is active!
2026-06-18 18:01:02,703 INFO werkzeug MainThread :  * Debugger PIN: 189-721-721
2026-06-18 18:01:11,467 DEBUG fsevents Thread-5 : NativeEvent(path="/Users/sanasalim/Downloads/Linkific/Day 13/.DS_Store", inode=127496360, flags=11400, id=160735336): is_file, is_inode_meta_mod, is_modified
2026-06-18 18:01:11,468 DEBUG fsevents Thread-5 : queue_event FileModifiedEvent(src_path='/Users/sanasalim/Downloads/Linkific/Day 13/.DS_Store', dest_path='', event_type='modified', is_directory=False, is_synthetic=False)
2026-06-18 18:01:11,477 DEBUG fsevents Thread-5 : NativeEvent(path="/Users/sanasalim/Downloads/Linkific/Day 13/House Price Version 1.pkl", inode=127629735, flags=10800, id=160735345): is_file, is_renamed
2026-06-18 18:01:11,477 DEBUG fsevents Thread-5 : queue_event FileDeletedEvent(src_path='/Users/sanasalim/Downloads/Linkific/Day 13/House Price Version 1.pkl', dest_path='', event_type='deleted', is_directory=False, is_synthetic=False)
2026-06-18 18:01:11,477 DEBUG fsevents Thread-5 : queue_event DirModifiedEvent(src_path='/Users/sanasalim/Downloads/Linkific/Day 13', dest_path='', event_type='modified', is_directory=True, is_synthetic=False)
2026-06-18 18:01:16,486 DEBUG fsevents Thread-5 : NativeEvent(path="/Users/sanasalim/Downloads/Linkific/Day 13/.DS_Store", inode=127496360, flags=11400, id=160735597): is_file, is_inode_meta_mod, is_modified
2026-06-18 18:01:16,490 DEBUG fsevents Thread-5 : queue_event FileModifiedEvent(src_path='/Users/sanasalim/Downloads/Linkific/Day 13/.DS_Store', dest_path='', event_type='modified', is_directory=False, is_synthetic=False)
2026-06-18 18:01:24,988 INFO root Thread-6 (process_request_thread) : Model is training
2026-06-18 18:01:24,990 INFO root Thread-6 (process_request_thread) : Model finished training
2026-06-18 18:01:24,996 INFO werkzeug Thread-6 (process_request_thread) : 127.0.0.1 - - [18/Jun/2026 18:01:24] "[37mPOST /train HTTP/1.1[0m" 200 -
2026-06-18 18:01:25,002 DEBUG fsevents Thread-5 : NativeEvent(path="/Users/sanasalim/Downloads/Linkific/Day 13/House Price Version 1.pkl", inode=127630064, flags=11100, id=160735848): is_created, is_file, is_modified
2026-06-18 18:01:25,002 DEBUG fsevents Thread-5 : queue_event FileCreatedEvent(src_path='/Users/sanasalim/Downloads/Linkific/Day 13/House Price Version 1.pkl', dest_path='', event_type='created', is_directory=False, is_synthetic=False)
2026-06-18 18:01:25,003 DEBUG fsevents Thread-5 : queue_event DirModifiedEvent(src_path='/Users/sanasalim/Downloads/Linkific/Day 13', dest_path='', event_type='modified', is_directory=True, is_synthetic=False)
2026-06-18 18:01:25,003 DEBUG fsevents Thread-5 : queue_event FileModifiedEvent(src_path='/Users/sanasalim/Downloads/Linkific/Day 13/House Price Version 1.pkl', dest_path='', event_type='modified', is_directory=False, is_synthetic=False)
2026-06-18 18:01:31,640 INFO root Thread-7 (process_request_thread) : Model predicted: 452348.07548226416
2026-06-18 18:01:31,641 INFO werkzeug Thread-7 (process_request_thread) : 127.0.0.1 - - [18/Jun/2026 18:01:31] "[37mPOST /predict HTTP/1.1[0m" 200 -
2026-06-18 18:01:42,635 INFO root Thread-8 (process_request_thread) : Model is training
2026-06-18 18:01:42,636 INFO root Thread-8 (process_request_thread) : Model finished training
2026-06-18 18:01:42,639 INFO werkzeug Thread-8 (process_request_thread) : 127.0.0.1 - - [18/Jun/2026 18:01:42] "[37mPOST /train HTTP/1.1[0m" 200 -
2026-06-18 18:01:42,660 DEBUG fsevents Thread-5 : NativeEvent(path="/Users/sanasalim/Downloads/Linkific/Day 13/House Price Version 2.pkl", inode=127630076, flags=11100, id=160736029): is_created, is_file, is_modified
2026-06-18 18:01:42,660 DEBUG fsevents Thread-5 : queue_event FileCreatedEvent(src_path='/Users/sanasalim/Downloads/Linkific/Day 13/House Price Version 2.pkl', dest_path='', event_type='created', is_directory=False, is_synthetic=False)
2026-06-18 18:01:42,660 DEBUG fsevents Thread-5 : queue_event DirModifiedEvent(src_path='/Users/sanasalim/Downloads/Linkific/Day 13', dest_path='', event_type='modified', is_directory=True, is_synthetic=False)
2026-06-18 18:01:42,660 DEBUG fsevents Thread-5 : queue_event FileModifiedEvent(src_path='/Users/sanasalim/Downloads/Linkific/Day 13/House Price Version 2.pkl', dest_path='', event_type='modified', is_directory=False, is_synthetic=False)
2026-06-18 18:01:43,712 INFO root Thread-9 (process_request_thread) : Model is training
2026-06-18 18:01:43,713 INFO root Thread-9 (process_request_thread) : Model finished training
2026-06-18 18:01:43,716 INFO werkzeug Thread-9 (process_request_thread) : 127.0.0.1 - - [18/Jun/2026 18:01:43] "[37mPOST /train HTTP/1.1[0m" 200 -
2026-06-18 18:01:43,726 DEBUG fsevents Thread-5 : NativeEvent(path="/Users/sanasalim/Downloads/Linkific/Day 13/House Price Version 3.pkl", inode=127630078, flags=11100, id=160736044): is_created, is_file, is_modified
2026-06-18 18:01:43,726 DEBUG fsevents Thread-5 : queue_event FileCreatedEvent(src_path='/Users/sanasalim/Downloads/Linkific/Day 13/House Price Version 3.pkl', dest_path='', event_type='created', is_directory=False, is_synthetic=False)
2026-06-18 18:01:43,726 DEBUG fsevents Thread-5 : queue_event DirModifiedEvent(src_path='/Users/sanasalim/Downloads/Linkific/Day 13', dest_path='', event_type='modified', is_directory=True, is_synthetic=False)
2026-06-18 18:01:43,726 DEBUG fsevents Thread-5 : queue_event FileModifiedEvent(src_path='/Users/sanasalim/Downloads/Linkific/Day 13/House Price Version 3.pkl', dest_path='', event_type='modified', is_directory=False, is_synthetic=False)
2026-06-18 18:01:46,666 INFO root Thread-10 (process_request_thread) : Model predicted: 452348.07548226416
2026-06-18 18:01:46,667 INFO werkzeug Thread-10 (process_request_thread) : 127.0.0.1 - - [18/Jun/2026 18:01:46] "[37mPOST /predict HTTP/1.1[0m" 200 -
2026-06-18 18:02:10,780 DEBUG fsevents Thread-5 : NativeEvent(path="/Users/sanasalim/Downloads/Linkific/Day 13/House Price Version 2.pkl", inode=127630076, flags=10800, id=160740361): is_file, is_renamed
2026-06-18 18:02:10,781 DEBUG fsevents Thread-5 : NativeEvent(path="/Users/sanasalim/Downloads/Linkific/Day 13/House Price Version 3.pkl", inode=127630078, flags=10800, id=160740365): is_file, is_renamed
2026-06-18 18:02:10,781 DEBUG fsevents Thread-5 : NativeEvent(path="/Users/sanasalim/Downloads/Linkific/Day 13/House Price Version 1.pkl", inode=127630064, flags=10800, id=160740369): is_file, is_renamed
2026-06-18 18:02:10,781 DEBUG fsevents Thread-5 : queue_event FileDeletedEvent(src_path='/Users/sanasalim/Downloads/Linkific/Day 13/House Price Version 2.pkl', dest_path='', event_type='deleted', is_directory=False, is_synthetic=False)
2026-06-18 18:02:10,782 DEBUG fsevents Thread-5 : queue_event DirModifiedEvent(src_path='/Users/sanasalim/Downloads/Linkific/Day 13', dest_path='', event_type='modified', is_directory=True, is_synthetic=False)
2026-06-18 18:02:10,782 DEBUG fsevents Thread-5 : queue_event FileDeletedEvent(src_path='/Users/sanasalim/Downloads/Linkific/Day 13/House Price Version 3.pkl', dest_path='', event_type='deleted', is_directory=False, is_synthetic=False)
2026-06-18 18:02:10,782 DEBUG fsevents Thread-5 : queue_event DirModifiedEvent(src_path='/Users/sanasalim/Downloads/Linkific/Day 13', dest_path='', event_type='modified', is_directory=True, is_synthetic=False)
2026-06-18 18:02:10,782 DEBUG fsevents Thread-5 : queue_event FileDeletedEvent(src_path='/Users/sanasalim/Downloads/Linkific/Day 13/House Price Version 1.pkl', dest_path='', event_type='deleted', is_directory=False, is_synthetic=False)
2026-06-18 18:02:10,782 DEBUG fsevents Thread-5 : queue_event DirModifiedEvent(src_path='/Users/sanasalim/Downloads/Linkific/Day 13', dest_path='', event_type='modified', is_directory=True, is_synthetic=False)
2026-06-18 18:02:17,306 INFO werkzeug Thread-11 (process_request_thread) : 127.0.0.1 - - [18/Jun/2026 18:02:17] "[37mPOST /predict HTTP/1.1[0m" 200 -
2026-06-18 18:02:38,400 DEBUG fsevents Thread-5 : NativeEvent(path="/Users/sanasalim/Downloads/Linkific/Day 13/.DS_Store", inode=127496360, flags=11400, id=160741699): is_file, is_inode_meta_mod, is_modified
2026-06-18 18:02:38,401 DEBUG fsevents Thread-5 : queue_event FileModifiedEvent(src_path='/Users/sanasalim/Downloads/Linkific/Day 13/.DS_Store', dest_path='', event_type='modified', is_directory=False, is_synthetic=False)
2026-06-18 18:02:40,948 INFO root Thread-12 (process_request_thread) : Model is training
2026-06-18 18:02:40,949 INFO root Thread-12 (process_request_thread) : Model finished training
2026-06-18 18:02:40,957 INFO werkzeug Thread-12 (process_request_thread) : 127.0.0.1 - - [18/Jun/2026 18:02:40] "[37mPOST /train HTTP/1.1[0m" 200 -
2026-06-18 18:02:40,962 DEBUG fsevents Thread-5 : NativeEvent(path="/Users/sanasalim/Downloads/Linkific/Day 13/House Price Version 1.pkl", inode=127630539, flags=11100, id=160741803): is_created, is_file, is_modified
2026-06-18 18:02:40,963 DEBUG fsevents Thread-5 : queue_event FileCreatedEvent(src_path='/Users/sanasalim/Downloads/Linkific/Day 13/House Price Version 1.pkl', dest_path='', event_type='created', is_directory=False, is_synthetic=False)
2026-06-18 18:02:40,963 DEBUG fsevents Thread-5 : queue_event DirModifiedEvent(src_path='/Users/sanasalim/Downloads/Linkific/Day 13', dest_path='', event_type='modified', is_directory=True, is_synthetic=False)
2026-06-18 18:02:40,963 DEBUG fsevents Thread-5 : queue_event FileModifiedEvent(src_path='/Users/sanasalim/Downloads/Linkific/Day 13/House Price Version 1.pkl', dest_path='', event_type='modified', is_directory=False, is_synthetic=False)
2026-06-18 18:02:44,178 INFO root Thread-13 (process_request_thread) : Model predicted: 452348.07548226416
2026-06-18 18:02:44,179 INFO werkzeug Thread-13 (process_request_thread) : 127.0.0.1 - - [18/Jun/2026 18:02:44] "[37mPOST /predict HTTP/1.1[0m" 200 -
2026-06-18 18:10:58,006 DEBUG fsevents Thread-5 : NativeEvent(path="/Users/sanasalim/Downloads/Linkific/Day 13/app.py", inode=127495247, flags=11400, id=160749281): is_file, is_inode_meta_mod, is_modified
2026-06-18 18:10:58,013 DEBUG fsevents Thread-5 : queue_event FileModifiedEvent(src_path='/Users/sanasalim/Downloads/Linkific/Day 13/app.py', dest_path='', event_type='modified', is_directory=False, is_synthetic=False)
2026-06-18 18:10:58,015 INFO werkzeug Thread-2 :  * Detected change in '/Users/sanasalim/Downloads/Linkific/Day 13/app.py', reloading
2026-06-18 18:11:01,457 WARNING werkzeug MainThread :  * Debugger is active!
2026-06-18 18:11:01,633 INFO werkzeug MainThread :  * Debugger PIN: 189-721-721
2026-06-18 18:18:53,838 DEBUG fsevents Thread-5 : NativeEvent(path="/Users/sanasalim/Downloads/Linkific/Day 13/app.py", inode=127495247, flags=18000, id=160866877): is_file, is_xattr_mod
2026-06-18 18:18:53,845 DEBUG fsevents Thread-5 : queue_event FileModifiedEvent(src_path='/Users/sanasalim/Downloads/Linkific/Day 13/app.py', dest_path='', event_type='modified', is_directory=False, is_synthetic=False)
2026-06-18 18:18:53,848 INFO werkzeug Thread-2 :  * Detected change in '/Users/sanasalim/Downloads/Linkific/Day 13/app.py', reloading
2026-06-18 18:18:57,964 WARNING werkzeug MainThread :  * Debugger is active!
2026-06-18 18:18:58,015 INFO werkzeug MainThread :  * Debugger PIN: 189-721-721
2026-06-18 18:19:37,546 DEBUG fsevents Thread-4 : NativeEvent(path="/Users/sanasalim/Downloads/Linkific/Day 13/app.log", inode=127604271, flags=18000, id=160868735): is_file, is_xattr_mod
2026-06-18 18:19:37,547 DEBUG fsevents Thread-4 : queue_event FileModifiedEvent(src_path='/Users/sanasalim/Downloads/Linkific/Day 13/app.log', dest_path='', event_type='modified', is_directory=False, is_synthetic=False)
2026-06-18 18:20:35,326 DEBUG fsevents Thread-4 : NativeEvent(path="/Users/sanasalim/Downloads/Linkific/Day 13/House Price Version 1.pkl", inode=127630539, flags=18000, id=160872825): is_file, is_xattr_mod
2026-06-18 18:20:35,327 DEBUG fsevents Thread-4 : queue_event FileModifiedEvent(src_path='/Users/sanasalim/Downloads/Linkific/Day 13/House Price Version 1.pkl', dest_path='', event_type='modified', is_directory=False, is_synthetic=False)
